Archivo: prueba.cpp
09/11/2022 12:36:44 a. m.
altura  2  
= = altura  = 5
i  0  1  
= = 0  = 0
j  altura  i  - j  2  % 0  1  i  0  1  
= = 0  = 0
j  altura  i  - j  2  % 0  1  i  0  1  
= = 0  = 0
j  altura  i  - j  2  % 0  1  i  0  1  
= = 0  = 0
j  altura  i  - j  2  % 0  1  i  0  1  
= = 0  = 0
j  altura  i  - j  2  % 0  1  i  0  1  
= = 0  = 0
j  altura  i  - j  2  % 0  1  
= = 0  = 0
2  k  altura  2  * 1  1  2  2  
= = 258  = 258
a  
= = a  = 2
y  
= = a  = 258
Error de semantica: no podemos asignar un: <Int> a un <Char> en linea  53
